Aug 03 12:52:35 Installed: mailx-12.5-19.el7.x86_64
Aug 03 12:52:35 Installed: libreport-filesystem-2.1.11-42.el7.centos.x86_64
Aug 03 12:52:35 Installed: mdadm-4.1-rc1_2.el7.x86_64
Aug 03 12:52:35 Installed: 1:smartmontools-6.5-1.el7.x86_64
Aug 03 12:52:35 Installed: hdparm-9.43-5.el7.x86_64
Aug 03 12:52:36 Installed: gdisk-0.8.10-2.el7.x86_64
Aug 03 13:13:57 Installed: 1:perl-parent-0.225-244.el7.noarch
Aug 03 13:13:58 Installed: perl-HTTP-Tiny-0.033-3.el7.noarch
Aug 03 13:13:58 Installed: perl-podlators-2.5.1-3.el7.noarch
Aug 03 13:13:58 Installed: perl-Pod-Perldoc-3.20-4.el7.noarch
Aug 03 13:13:58 Installed: 1:perl-Pod-Escapes-1.04-294.el7_6.noarch
Aug 03 13:13:58 Installed: perl-Encode-2.51-7.el7.x86_64
Aug 03 13:13:58 Installed: perl-Text-ParseWords-3.29-4.el7.noarch
Aug 03 13:13:58 Installed: perl-Pod-Usage-1.63-3.el7.noarch
Aug 03 13:13:58 Installed: 4:perl-libs-5.16.3-294.el7_6.x86_64
Aug 03 13:13:58 Installed: 4:perl-macros-5.16.3-294.el7_6.x86_64
Aug 03 13:13:58 Installed: 4:perl-Time-HiRes-1.9725-3.el7.x86_64
Aug 03 13:13:58 Installed: perl-Exporter-5.68-3.el7.noarch
Aug 03 13:13:58 Installed: perl-constant-1.27-2.el7.noarch
Aug 03 13:13:58 Installed: perl-Time-Local-1.2300-2.el7.noarch
Aug 03 13:13:58 Installed: perl-Socket-2.010-4.el7.x86_64
Aug 03 13:13:58 Installed: perl-Carp-1.26-244.el7.noarch
Aug 03 13:13:58 Installed: perl-Storable-2.45-3.el7.x86_64
Aug 03 13:13:58 Installed: perl-PathTools-3.40-5.el7.x86_64
Aug 03 13:13:58 Installed: perl-Scalar-List-Utils-1.27-248.el7.x86_64
Aug 03 13:13:58 Installed: perl-File-Temp-0.23.01-3.el7.noarch
Aug 03 13:13:58 Installed: perl-File-Path-2.09-2.el7.noarch
Aug 03 13:13:58 Installed: perl-threads-shared-1.43-6.el7.x86_64
Aug 03 13:13:58 Installed: perl-threads-1.87-4.el7.x86_64
Aug 03 13:13:58 Installed: 1:perl-Pod-Simple-3.28-4.el7.noarch
Aug 03 13:13:58 Installed: perl-Filter-1.49-3.el7.x86_64
Aug 03 13:13:58 Installed: perl-Getopt-Long-2.40-3.el7.noarch
Aug 03 13:14:00 Installed: 4:perl-5.16.3-294.el7_6.x86_64
Aug 03 13:14:00 Installed: 1:perl-Error-0.17020-2.el7.noarch
Aug 03 13:14:00 Installed: perl-TermReadKey-2.30-20.el7.x86_64
Aug 03 13:14:00 Installed: perl-Git-1.8.3.1-20.el7.noarch
Aug 03 13:14:01 Installed: git-1.8.3.1-20.el7.x86_64
Aug 03 13:17:08 Installed: wget-1.14-18.el7_6.1.x86_64
Aug 03 13:49:52 Updated: glibc-common-2.17-260.el7_6.6.x86_64
Aug 03 13:49:52 Updated: glibc-2.17-260.el7_6.6.x86_64
Aug 03 13:49:53 Installed: mpfr-3.1.1-4.el7.x86_64
Aug 03 13:49:53 Installed: libmpc-1.0.1-3.el7.x86_64
Aug 03 13:49:53 Installed: cpp-4.8.5-36.el7_6.2.x86_64
Aug 03 13:49:54 Installed: kernel-headers-3.10.0-957.27.2.el7.x86_64
Aug 03 13:49:54 Installed: glibc-headers-2.17-260.el7_6.6.x86_64
Aug 03 13:49:54 Installed: glibc-devel-2.17-260.el7_6.6.x86_64
Aug 03 13:49:55 Installed: gcc-4.8.5-36.el7_6.2.x86_64
Aug 15 19:58:02 Installed: libstdc++-devel-4.8.5-36.el7_6.2.x86_64
Aug 15 19:58:03 Installed: gcc-c++-4.8.5-36.el7_6.2.x86_64
Aug 15 20:16:21 Installed: ncurses-devel-5.9-14.20130511.el7_4.x86_64
Aug 15 20:16:52 Installed: m4-1.4.16-10.el7.x86_64
Aug 15 20:16:52 Installed: flex-2.5.37-6.el7.x86_64
Aug 15 20:17:16 Installed: bison-3.0.4-2.el7.x86_64
Aug 15 20:20:50 Installed: zlib-devel-1.2.7-18.el7.x86_64
Aug 15 20:20:51 Installed: libcom_err-devel-1.42.9-13.el7.x86_64
Aug 15 20:20:51 Installed: libsepol-devel-2.5-10.el7.x86_64
Aug 15 20:20:51 Installed: pcre-devel-8.32-17.el7.x86_64
Aug 15 20:20:51 Installed: libselinux-devel-2.5-14.1.el7.x86_64
Aug 15 20:20:51 Installed: libkadm5-1.15.1-37.el7_6.x86_64
Aug 15 20:20:51 Installed: libverto-devel-0.2.5-4.el7.x86_64
Aug 15 20:20:51 Installed: keyutils-libs-devel-1.5.8-3.el7.x86_64
Aug 15 20:20:51 Installed: krb5-devel-1.15.1-37.el7_6.x86_64
Aug 15 20:20:52 Installed: 1:openssl-devel-1.0.2k-16.el7_6.1.x86_64
Aug 15 20:20:52 Installed: elfutils-libelf-devel-0.172-2.el7.x86_64
Aug 15 20:20:52 Installed: bc-1.06.95-13.el7.x86_64
Aug 20 20:16:28 Updated: systemd-libs-219-62.el7_6.9.x86_64
Aug 20 20:16:30 Updated: python-libs-2.7.5-80.el7_6.x86_64
Aug 20 20:16:30 Updated: python-2.7.5-80.el7_6.x86_64
Aug 20 20:16:30 Updated: python-perf-3.10.0-957.27.2.el7.x86_64
Aug 20 20:16:30 Updated: 32:bind-license-9.9.4-74.el7_6.2.noarch
Aug 20 20:16:30 Updated: libssh2-1.4.3-12.el7_6.3.x86_64
Aug 20 20:16:30 Updated: libcurl-7.29.0-51.el7_6.3.x86_64
Aug 20 20:16:32 Updated: systemd-219-62.el7_6.9.x86_64
Aug 20 20:16:32 Updated: samba-common-4.8.3-6.el7_6.noarch
Aug 20 20:16:32 Updated: libwbclient-4.8.3-6.el7_6.x86_64
Aug 20 20:16:32 Updated: samba-client-libs-4.8.3-6.el7_6.x86_64
Aug 20 20:16:32 Updated: samba-common-libs-4.8.3-6.el7_6.x86_64
Aug 20 20:16:32 Updated: 7:device-mapper-1.02.149-10.el7_6.8.x86_64
Aug 20 20:16:32 Updated: 7:device-mapper-libs-1.02.149-10.el7_6.8.x86_64
Aug 20 20:16:39 Updated: selinux-policy-3.13.1-229.el7_6.15.noarch
Aug 20 20:16:39 Updated: kernel-tools-libs-3.10.0-957.27.2.el7.x86_64
Aug 20 20:16:39 Updated: libteam-1.27-6.el7_6.1.x86_64
Aug 20 20:16:39 Updated: teamd-1.27-6.el7_6.1.x86_64
Aug 20 20:16:39 Updated: kernel-tools-3.10.0-957.27.2.el7.x86_64
Aug 20 20:16:48 Updated: selinux-policy-targeted-3.13.1-229.el7_6.15.noarch
Aug 20 20:16:49 Updated: tuned-2.10.0-6.el7_6.4.noarch
Aug 20 20:16:49 Updated: systemd-sysv-219-62.el7_6.9.x86_64
Aug 20 20:16:49 Updated: curl-7.29.0-51.el7_6.3.x86_64
Aug 20 20:16:49 Updated: 32:bind-libs-lite-9.9.4-74.el7_6.2.x86_64
Aug 20 20:16:52 Installed: kernel-3.10.0-957.27.2.el7.x86_64
Aug 20 20:16:52 Updated: 2:vim-minimal-7.4.160-6.el7_6.x86_64
Aug 20 20:16:53 Updated: tzdata-2019b-1.el7.noarch
Aug 20 20:16:53 Updated: glib2-2.56.1-4.el7_6.x86_64
